<?xml version="1.0" encoding="UTF-8"?>
<!-- Generated by org.testng.reporters.JUnitReportReporter -->
<testsuite hostname="BLR1-LHP-N80691" failures="0" tests="1" name="Com.Automation.Test.ApiTestDelete" time="13.256" errors="0" timestamp="2022-09-12T18:55:38 IST" skipped="0">
  <testcase classname="Com.Automation.Test.ApiTestDelete" name="verifydelete" time="13.256"/>
  <system-out/>
</testsuite> <!-- Com.Automation.Test.ApiTestDelete -->
