<?xml version="1.0" encoding="UTF-8"?>
<!-- Generated by org.testng.reporters.JUnitReportReporter -->
<testsuite hostname="BLR1-LHP-N80691" failures="0" tests="1" name="Com.Automation.Test.ApiTestGet" time="2.628" errors="0" timestamp="2022-09-12T08:37:49 IST" skipped="0">
  <testcase classname="Com.Automation.Test.ApiTestGet" name="verifyget" time="2.628"/>
  <system-out/>
</testsuite> <!-- Com.Automation.Test.ApiTestGet -->
