<?xml version="1.0" encoding="UTF-8"?>
<!-- Generated by org.testng.reporters.JUnitReportReporter -->
<testsuite hostname="BLR1-LHP-N80691" failures="0" tests="1" name="Com.Automation.Test.SerialTest" time="3.015" errors="0" timestamp="2022-09-12T19:33:07 IST" skipped="0">
  <testcase classname="Com.Automation.Test.SerialTest" name="sertest1" time="3.015"/>
  <system-out/>
</testsuite> <!-- Com.Automation.Test.SerialTest -->
