<?xml version="1.0" encoding="UTF-8"?>
<!-- Generated by org.testng.reporters.JUnitReportReporter -->
<testsuite hostname="BLR1-LHP-N80691" failures="0" tests="1" name="Com.Automation.Test.ApiTestPut" time="3.162" errors="0" timestamp="2022-09-12T18:46:57 IST" skipped="0">
  <testcase classname="Com.Automation.Test.ApiTestPut" name="verifyupdate" time="3.162"/>
  <system-out/>
</testsuite> <!-- Com.Automation.Test.ApiTestPut -->
