<?xml version="1.0" encoding="UTF-8"?>
<!-- Generated by org.testng.reporters.JUnitReportReporter -->
<testsuite hostname="BLR1-LHP-N80691" failures="0" tests="1" name="Com.Automation.Test.ApiTestPost" time="2.251" errors="0" timestamp="2022-09-12T10:08:28 IST" skipped="0">
  <testcase classname="Com.Automation.Test.ApiTestPost" name="verifycreate" time="2.251"/>
  <system-out/>
</testsuite> <!-- Com.Automation.Test.ApiTestPost -->
